{
  "contracts/Chocofactory.sol": {
    "l": {},
    "path": "/Users/taijusanagi/Documents/workspace/chocofactory/contracts/Chocofactory.sol",
    "s": {},
    "b": {},
    "f": {},
    "fnMap": {},
    "statementMap": {},
    "branchMap": {}
  },
  "contracts/Chocomold.sol": {
    "l": { "26": 9, "35": 9, "36": 9, "37": 9, "38": 9, "39": 9, "43": 1, "47": 1, "51": 0, "61": 0, "65": 0, "69": 0 },
    "path": "/Users/taijusanagi/Documents/workspace/chocofactory/contracts/Chocomold.sol",
    "s": { "1": 9, "2": 9, "3": 9, "4": 9, "5": 9, "6": 9, "7": 1, "8": 1, "9": 0, "10": 0, "11": 0, "12": 0 },
    "b": {},
    "f": { "1": 9, "2": 9, "3": 1, "4": 1, "5": 0, "6": 0, "7": 0, "8": 0 },
    "fnMap": {
      "1": {
        "name": "constructor",
        "line": 25,
        "loc": { "start": { "line": 20, "column": 4 }, "end": { "line": 27, "column": 4 } }
      },
      "2": {
        "name": "initialize",
        "line": 34,
        "loc": { "start": { "line": 29, "column": 4 }, "end": { "line": 40, "column": 4 } }
      },
      "3": {
        "name": "name",
        "line": 42,
        "loc": { "start": { "line": 42, "column": 4 }, "end": { "line": 44, "column": 4 } }
      },
      "4": {
        "name": "symbol",
        "line": 46,
        "loc": { "start": { "line": 46, "column": 4 }, "end": { "line": 48, "column": 4 } }
      },
      "5": {
        "name": "tokenURI",
        "line": 50,
        "loc": { "start": { "line": 50, "column": 4 }, "end": { "line": 52, "column": 4 } }
      },
      "6": {
        "name": "supportsInterface",
        "line": 54,
        "loc": { "start": { "line": 54, "column": 4 }, "end": { "line": 62, "column": 4 } }
      },
      "7": {
        "name": "_baseURI",
        "line": 64,
        "loc": { "start": { "line": 64, "column": 4 }, "end": { "line": 66, "column": 4 } }
      },
      "8": {
        "name": "_burn",
        "line": 68,
        "loc": { "start": { "line": 68, "column": 4 }, "end": { "line": 70, "column": 4 } }
      }
    },
    "statementMap": {
      "1": { "start": { "line": 26, "column": 8 }, "end": { "line": 26, "column": 54 } },
      "2": { "start": { "line": 35, "column": 8 }, "end": { "line": 35, "column": 20 } },
      "3": { "start": { "line": 36, "column": 8 }, "end": { "line": 36, "column": 24 } },
      "4": { "start": { "line": 37, "column": 8 }, "end": { "line": 37, "column": 35 } },
      "5": { "start": { "line": 38, "column": 8 }, "end": { "line": 38, "column": 44 } },
      "6": { "start": { "line": 39, "column": 8 }, "end": { "line": 39, "column": 37 } },
      "7": { "start": { "line": 43, "column": 8 }, "end": { "line": 43, "column": 20 } },
      "8": { "start": { "line": 47, "column": 8 }, "end": { "line": 47, "column": 22 } },
      "9": { "start": { "line": 51, "column": 8 }, "end": { "line": 51, "column": 49 } },
      "10": { "start": { "line": 61, "column": 8 }, "end": { "line": 61, "column": 51 } },
      "11": { "start": { "line": 65, "column": 8 }, "end": { "line": 65, "column": 28 } },
      "12": { "start": { "line": 69, "column": 8 }, "end": { "line": 69, "column": 38 } }
    },
    "branchMap": {}
  }
}
